This file contains any messages produced by compilers while
running configure, to aid debugging if configure makes a mistake.

It was created by jansson configure 2.5, which was
generated by GNU Autoconf 2.68.  Invocation command line was

  $ ./configure --disable-option-checking --prefix=/usr/local --enable-scrypt CFLAGS=-O2 -msse2 --cache-file=/dev/null --srcdir=.

## --------- ##
## Platform. ##
## --------- ##

hostname = CY-PC
uname -m = i686
uname -r = 1.0.17(0.48/3/2)
uname -s = MINGW32_NT-6.1
uname -v = 2011-04-24 23:39

/usr/bin/uname -p = unknown
/bin/uname -X     = unknown

/bin/arch              = unknown
/usr/bin/arch -k       = unknown
/usr/convex/getsysinfo = unknown
/usr/bin/hostinfo      = unknown
/bin/machine           = unknown
/usr/bin/oslevel       = unknown
/bin/universe          = unknown

PATH: .
PATH: /usr/local/bin
PATH: /mingw/bin
PATH: /bin
PATH: /c/Program Files (x86)/AMD APP/bin/x86_64
PATH: /c/Program Files (x86)/AMD APP/bin/x86
PATH: /d/Documents/Documents/AMD APP/bin/x86_64
PATH: /d/Documents/Documents/AMD APP/bin/x86
PATH: /d/Program Files/AMDAPPSDK/AMD APP SDK/2.9/bin/x86_64
PATH: /d/Program Files/AMDAPPSDK/AMD APP SDK/2.9/bin/x86
PATH: /c/Program Files (x86)/AMD APP SDK/2.9/bin/x86_64
PATH: /c/Program Files (x86)/AMD APP SDK/2.9/bin/x86
PATH: /d/Perl/site/bin
PATH: /d/Perl/bin
PATH: /c/Windows/system32
PATH: /c/Windows
PATH: /c/Windows/System32/Wbem
PATH: /c/Windows/System32/WindowsPowerShell/v1.0/
PATH: /c/Program Files/Condusiv Technologies/ExpressCache/
PATH: /c/Program Files/Intel/WiFi/bin/
PATH: /c/Program Files/Common Files/Intel/WirelessCommon/
PATH: /d/Program Files (x86)/GTK2-Runtime/bin
PATH: /c/Program Files/Intel/WiFi/bin/
PATH: /c/Program Files/Common Files/Intel/WirelessCommon/


## ----------- ##
## Core tests. ##
## ----------- ##

configure:2304: checking for a BSD-compatible install
configure:2372: result: /bin/install -c
configure:2383: checking whether build environment is sane
configure:2433: result: yes
configure:2574: checking for a thread-safe mkdir -p
configure:2613: result: /bin/mkdir -p
configure:2626: checking for gawk
configure:2642: found /bin/gawk
configure:2653: result: gawk
configure:2664: checking whether make sets $(MAKE)
configure:2686: result: yes
configure:2820: checking for gcc
configure:2836: found /mingw/bin/gcc
configure:2847: result: gcc
configure:3076: checking for C compiler version
configure:3085: gcc --version >&5
gcc.exe (GCC) 4.6.2
Copyright (C) 2011 Free Software Foundation, Inc.
This is free software; see the source for copying conditions.  There is NO
warranty; not even for MERCHANTABILITY or FITNESS FOR A PARTICULAR PURPOSE.

configure:3096: $? = 0
configure:3085: gcc -v >&5
Using built-in specs.
COLLECT_GCC=D:\MinGW\bin\gcc.exe
COLLECT_LTO_WRAPPER=d:/mingw/bin/../libexec/gcc/mingw32/4.6.2/lto-wrapper.exe
Target: mingw32
Configured with: ../gcc-4.6.2/configure --enable-languages=c,c++,ada,fortran,objc,obj-c++ --disable-sjlj-exceptions --with-dwarf2 --enable-shared --enable-libgomp --disable-win32-registry --enable-libstdcxx-debug --enable-version-specific-runtime-libs --build=mingw32 --prefix=/mingw
Thread model: win32
gcc version 4.6.2 (GCC) 
configure:3096: $? = 0
configure:3085: gcc -V >&5
gcc.exe: error: unrecognized option '-V'
gcc.exe: fatal error: no input files
compilation terminated.
configure:3096: $? = 1
configure:3085: gcc -qversion >&5
gcc.exe: error: unrecognized option '-qversion'
gcc.exe: fatal error: no input files
compilation terminated.
configure:3096: $? = 1
configure:3116: checking whether the C compiler works
configure:3138: gcc -O2 -msse2   conftest.c  >&5
configure:3142: $? = 0
configure:3190: result: yes
configure:3193: checking for C compiler default output file name
configure:3195: result: a.exe
configure:3201: checking for suffix of executables
configure:3208: gcc -o conftest.exe -O2 -msse2   conftest.c  >&5
configure:3212: $? = 0
configure:3234: result: .exe
configure:3256: checking whether we are cross compiling
configure:3264: gcc -o conftest.exe -O2 -msse2   conftest.c  >&5
configure:3268: $? = 0
configure:3275: ./conftest.exe
configure:3279: $? = 0
configure:3294: result: no
configure:3299: checking for suffix of object files
configure:3321: gcc -c -O2 -msse2  conftest.c >&5
configure:3325: $? = 0
configure:3346: result: o
configure:3350: checking whether we are using the GNU C compiler
configure:3369: gcc -c -O2 -msse2  conftest.c >&5
configure:3369: $? = 0
configure:3378: result: yes
configure:3387: checking whether gcc accepts -g
configure:3407: gcc -c -g  conftest.c >&5
configure:3407: $? = 0
configure:3448: result: yes
configure:3465: checking for gcc option to accept ISO C89
configure:3529: gcc  -c -O2 -msse2  conftest.c >&5
configure:3529: $? = 0
configure:3542: result: none needed
configure:3573: checking for style of include used by make
configure:3601: result: GNU
configure:3626: checking dependency style of gcc
configure:3736: result: gcc3
configure:3780: checking build system type
configure:3794: result: i686-pc-mingw32
configure:3814: checking host system type
configure:3827: result: i686-pc-mingw32
configure:3868: checking how to print strings
configure:3895: result: printf
configure:3916: checking for a sed that does not truncate output
configure:3980: result: /bin/sed
configure:3998: checking for grep that handles long lines and -e
configure:4056: result: /bin/grep
configure:4061: checking for egrep
configure:4123: result: /bin/grep -E
configure:4128: checking for fgrep
configure:4190: result: /bin/grep -F
configure:4225: checking for ld used by gcc
configure:4292: result: d:/mingw/mingw32/bin/ld.exe
configure:4299: checking if the linker (d:/mingw/mingw32/bin/ld.exe) is GNU ld
configure:4314: result: yes
configure:4326: checking for BSD- or MS-compatible name lister (nm)
configure:4375: result: /mingw/bin/nm
configure:4505: checking the name lister (/mingw/bin/nm) interface
configure:4512: gcc -c -O2 -msse2  conftest.c >&5
configure:4515: /mingw/bin/nm "conftest.o"
configure:4518: output
00000000 b .bss
00000000 d .data
00000000 t .text
00000000 B _some_variable
configure:4525: result: BSD nm
configure:4528: checking whether ln -s works
configure:4535: result: no, using cp -p
configure:4540: checking the maximum length of command line arguments
configure:4665: result: 8192
configure:4682: checking whether the shell understands some XSI constructs
configure:4692: result: yes
configure:4696: checking whether the shell understands "+="
configure:4702: result: yes
configure:4737: checking how to convert i686-pc-mingw32 file names to i686-pc-mingw32 format
configure:4777: result: func_convert_file_msys_to_w32
configure:4784: checking how to convert i686-pc-mingw32 file names to toolchain format
configure:4804: result: func_convert_file_msys_to_w32
configure:4811: checking for d:/mingw/mingw32/bin/ld.exe option to reload object files
configure:4818: result: -r
configure:4892: checking for objdump
configure:4908: found /mingw/bin/objdump
configure:4919: result: objdump
configure:4951: checking how to recognize dependent libraries
configure:5153: result: file_magic ^x86 archive import|^x86 DLL
configure:5238: checking for dlltool
configure:5254: found /mingw/bin/dlltool
configure:5265: result: dlltool
configure:5298: checking how to associate runtime and link libraries
configure:5325: result: func_cygming_dll_for_implib
configure:5386: checking for ar
configure:5402: found /mingw/bin/ar
configure:5413: result: ar
configure:5450: checking for archiver @FILE support
configure:5467: gcc -c -O2 -msse2  conftest.c >&5
configure:5467: $? = 0
configure:5470: ar cru libconftest.a @conftest.lst >&5
configure:5473: $? = 0
configure:5478: ar cru libconftest.a @conftest.lst >&5
D:\MinGW\bin\ar.exe: conftest.o: No such file or directory
configure:5481: $? = 1
configure:5493: result: @
configure:5551: checking for strip
configure:5567: found /mingw/bin/strip
configure:5578: result: strip
configure:5650: checking for ranlib
configure:5666: found /mingw/bin/ranlib
configure:5677: result: ranlib
configure:5779: checking command to parse /mingw/bin/nm output from gcc object
configure:5898: gcc -c -O2 -msse2  conftest.c >&5
configure:5901: $? = 0
configure:5905: /mingw/bin/nm conftest.o \| sed -n -e 's/^.*[ ]\([ABCDGIRSTW][ABCDGIRSTW]*\)[ ][ ]*\([_A-Za-z][_A-Za-z0-9]*\)\{0,1\}$/\1 \2 \2/p' | sed '/ __gnu_lto/d' \> conftest.nm
configure:5908: $? = 0
cannot find nm_test_var in conftest.nm
configure:5898: gcc -c -O2 -msse2  conftest.c >&5
configure:5901: $? = 0
configure:5905: /mingw/bin/nm conftest.o \| sed -n -e 's/^.*[ ]\([ABCDGIRSTW][ABCDGIRSTW]*\)[ ][ ]*_\([_A-Za-z][_A-Za-z0-9]*\)\{0,1\}$/\1 _\2 \2/p' | sed '/ __gnu_lto/d' \> conftest.nm
configure:5908: $? = 0
configure:5974: gcc -o conftest.exe -O2 -msse2   conftest.c conftstm.o >&5
configure:5977: $? = 0
configure:6015: result: ok
configure:6052: checking for sysroot
configure:6082: result: no
configure:6325: checking for mt
configure:6355: result: no
configure:6375: checking if : is a manifest tool
configure:6381: : '-?'
configure:6389: result: no
configure:7021: checking how to run the C preprocessor
configure:7052: gcc -E  conftest.c
configure:7052: $? = 0
configure:7066: gcc -E  conftest.c
conftest.c:11:28: fatal error: ac_nonexistent.h: No such file or directory
compilation terminated.
configure:7066: $? = 1
configure: failed program was:
| /* confdefs.h */
| #define PACKAGE_NAME "jansson"
| #define PACKAGE_TARNAME "jansson"
| #define PACKAGE_VERSION "2.5"
| #define PACKAGE_STRING "jansson 2.5"
| #define PACKAGE_BUGREPORT "petri@digip.org"
| #define PACKAGE_URL ""
| #define PACKAGE "jansson"
| #define VERSION "2.5"
| /* end confdefs.h.  */
| #include <ac_nonexistent.h>
configure:7091: result: gcc -E
configure:7111: gcc -E  conftest.c
configure:7111: $? = 0
configure:7125: gcc -E  conftest.c
conftest.c:11:28: fatal error: ac_nonexistent.h: No such file or directory
compilation terminated.
configure:7125: $? = 1
configure: failed program was:
| /* confdefs.h */
| #define PACKAGE_NAME "jansson"
| #define PACKAGE_TARNAME "jansson"
| #define PACKAGE_VERSION "2.5"
| #define PACKAGE_STRING "jansson 2.5"
| #define PACKAGE_BUGREPORT "petri@digip.org"
| #define PACKAGE_URL ""
| #define PACKAGE "jansson"
| #define VERSION "2.5"
| /* end confdefs.h.  */
| #include <ac_nonexistent.h>
configure:7154: checking for ANSI C header files
configure:7174: gcc -c -O2 -msse2  conftest.c >&5
configure:7174: $? = 0
configure:7247: gcc -o conftest.exe -O2 -msse2   conftest.c  >&5
configure:7247: $? = 0
configure:7247: ./conftest.exe
configure:7247: $? = 0
configure:7258: result: yes
configure:7271: checking for sys/types.h
configure:7271: gcc -c -O2 -msse2  conftest.c >&5
configure:7271: $? = 0
configure:7271: result: yes
configure:7271: checking for sys/stat.h
configure:7271: gcc -c -O2 -msse2  conftest.c >&5
configure:7271: $? = 0
configure:7271: result: yes
configure:7271: checking for stdlib.h
configure:7271: gcc -c -O2 -msse2  conftest.c >&5
configure:7271: $? = 0
configure:7271: result: yes
configure:7271: checking for string.h
configure:7271: gcc -c -O2 -msse2  conftest.c >&5
configure:7271: $? = 0
configure:7271: result: yes
configure:7271: checking for memory.h
configure:7271: gcc -c -O2 -msse2  conftest.c >&5
configure:7271: $? = 0
configure:7271: result: yes
configure:7271: checking for strings.h
configure:7271: gcc -c -O2 -msse2  conftest.c >&5
configure:7271: $? = 0
configure:7271: result: yes
configure:7271: checking for inttypes.h
configure:7271: gcc -c -O2 -msse2  conftest.c >&5
configure:7271: $? = 0
configure:7271: result: yes
configure:7271: checking for stdint.h
configure:7271: gcc -c -O2 -msse2  conftest.c >&5
configure:7271: $? = 0
configure:7271: result: yes
configure:7271: checking for unistd.h
configure:7271: gcc -c -O2 -msse2  conftest.c >&5
configure:7271: $? = 0
configure:7271: result: yes
configure:7285: checking for dlfcn.h
configure:7285: gcc -c -O2 -msse2  conftest.c >&5
conftest.c:55:19: fatal error: dlfcn.h: No such file or directory
compilation terminated.
configure:7285: $? = 1
configure: failed program was:
| /* confdefs.h */
| #define PACKAGE_NAME "jansson"
| #define PACKAGE_TARNAME "jansson"
| #define PACKAGE_VERSION "2.5"
| #define PACKAGE_STRING "jansson 2.5"
| #define PACKAGE_BUGREPORT "petri@digip.org"
| #define PACKAGE_URL ""
| #define PACKAGE "jansson"
| #define VERSION "2.5"
| #define STDC_HEADERS 1
| #define HAVE_SYS_TYPES_H 1
| #define HAVE_SYS_STAT_H 1
| #define HAVE_STDLIB_H 1
| #define HAVE_STRING_H 1
| #define HAVE_MEMORY_H 1
| #define HAVE_STRINGS_H 1
| #define HAVE_INTTYPES_H 1
| #define HAVE_STDINT_H 1
| #define HAVE_UNISTD_H 1
| /* end confdefs.h.  */
| #include <stdio.h>
| #ifdef HAVE_SYS_TYPES_H
| # include <sys/types.h>
| #endif
| #ifdef HAVE_SYS_STAT_H
| # include <sys/stat.h>
| #endif
| #ifdef STDC_HEADERS
| # include <stdlib.h>
| # include <stddef.h>
| #else
| # ifdef HAVE_STDLIB_H
| #  include <stdlib.h>
| # endif
| #endif
| #ifdef HAVE_STRING_H
| # if !defined STDC_HEADERS && defined HAVE_MEMORY_H
| #  include <memory.h>
| # endif
| # include <string.h>
| #endif
| #ifdef HAVE_STRINGS_H
| # include <strings.h>
| #endif
| #ifdef HAVE_INTTYPES_H
| # include <inttypes.h>
| #endif
| #ifdef HAVE_STDINT_H
| # include <stdint.h>
| #endif
| #ifdef HAVE_UNISTD_H
| # include <unistd.h>
| #endif
| 
| #include <dlfcn.h>
configure:7285: result: no
configure:7472: checking for objdir
configure:7487: result: .libs
configure:7758: checking if gcc supports -fno-rtti -fno-exceptions
configure:7776: gcc -c -O2 -msse2  -fno-rtti -fno-exceptions conftest.c >&5
cc1.exe: warning: command line option '-fno-rtti' is valid for C++/ObjC++ but not for C [enabled by default]
configure:7780: $? = 0
configure:7793: result: no
configure:8103: checking for gcc option to produce PIC
configure:8110: result: -DDLL_EXPORT -DPIC
configure:8118: checking if gcc PIC flag -DDLL_EXPORT -DPIC works
configure:8136: gcc -c -O2 -msse2  -DDLL_EXPORT -DPIC -DPIC conftest.c >&5
configure:8140: $? = 0
configure:8153: result: yes
configure:8182: checking if gcc static flag -static works
configure:8210: result: yes
configure:8225: checking if gcc supports -c -o file.o
configure:8246: gcc -c -O2 -msse2  -o out/conftest2.o conftest.c >&5
configure:8250: $? = 0
configure:8272: result: yes
configure:8280: checking if gcc supports -c -o file.o
configure:8327: result: yes
configure:8360: checking whether the gcc linker (d:/mingw/mingw32/bin/ld.exe) supports shared libraries
configure:9518: result: yes
configure:9555: checking whether -lc should be explicitly linked in
configure:9563: gcc -c -O2 -msse2  conftest.c >&5
configure:9566: $? = 0
configure:9581: gcc -shared conftest.o  -v -o ./conftest -Wl,--enable-auto-image-base -Xlinker --out-implib -Xlinker conftest 2\>\&1 \| /bin/grep  -lc  \>/dev/null 2\>\&1
configure:9584: $? = 1
configure:9598: result: yes
configure:9763: checking dynamic linker characteristics
configure:10499: result: Win32 ld.exe
configure:10606: checking how to hardcode library paths into programs
configure:10631: result: immediate
configure:11171: checking whether stripping libraries is possible
configure:11176: result: yes
configure:11211: checking if libtool supports shared libraries
configure:11213: result: yes
configure:11216: checking whether to build shared libraries
configure:11237: result: yes
configure:11240: checking whether to build static libraries
configure:11244: result: yes
configure:11293: checking locale.h usability
configure:11293: gcc -c -O2 -msse2  conftest.c >&5
configure:11293: $? = 0
configure:11293: result: yes
configure:11293: checking locale.h presence
configure:11293: gcc -E  conftest.c
configure:11293: $? = 0
configure:11293: result: yes
configure:11293: checking for locale.h
configure:11293: result: yes
configure:11305: checking for int32_t
configure:11305: gcc -c -O2 -msse2  conftest.c >&5
configure:11305: $? = 0
configure:11305: gcc -c -O2 -msse2  conftest.c >&5
conftest.c: In function 'main':
conftest.c:61:53: warning: integer overflow in expression [-Woverflow]
conftest.c:60:12: error: size of array 'test_array' is negative
conftest.c:60:12: error: storage size of 'test_array' isn't constant
configure:11305: $? = 1
configure: failed program was:
| /* confdefs.h */
| #define PACKAGE_NAME "jansson"
| #define PACKAGE_TARNAME "jansson"
| #define PACKAGE_VERSION "2.5"
| #define PACKAGE_STRING "jansson 2.5"
| #define PACKAGE_BUGREPORT "petri@digip.org"
| #define PACKAGE_URL ""
| #define PACKAGE "jansson"
| #define VERSION "2.5"
| #define STDC_HEADERS 1
| #define HAVE_SYS_TYPES_H 1
| #define HAVE_SYS_STAT_H 1
| #define HAVE_STDLIB_H 1
| #define HAVE_STRING_H 1
| #define HAVE_MEMORY_H 1
| #define HAVE_STRINGS_H 1
| #define HAVE_INTTYPES_H 1
| #define HAVE_STDINT_H 1
| #define HAVE_UNISTD_H 1
| #define LT_OBJDIR ".libs/"
| #define HAVE_LOCALE_H 1
| /* end confdefs.h.  */
| #include <stdio.h>
| #ifdef HAVE_SYS_TYPES_H
| # include <sys/types.h>
| #endif
| #ifdef HAVE_SYS_STAT_H
| # include <sys/stat.h>
| #endif
| #ifdef STDC_HEADERS
| # include <stdlib.h>
| # include <stddef.h>
| #else
| # ifdef HAVE_STDLIB_H
| #  include <stdlib.h>
| # endif
| #endif
| #ifdef HAVE_STRING_H
| # if !defined STDC_HEADERS && defined HAVE_MEMORY_H
| #  include <memory.h>
| # endif
| # include <string.h>
| #endif
| #ifdef HAVE_STRINGS_H
| # include <strings.h>
| #endif
| #ifdef HAVE_INTTYPES_H
| # include <inttypes.h>
| #endif
| #ifdef HAVE_STDINT_H
| # include <stdint.h>
| #endif
| #ifdef HAVE_UNISTD_H
| # include <unistd.h>
| #endif
| 	        enum { N = 32 / 2 - 1 };
| int
| main ()
| {
| static int test_array [1 - 2 * !((int32_t) (((((int32_t) 1 << N) << N) - 1) * 2 + 1)
| 		 < (int32_t) (((((int32_t) 1 << N) << N) - 1) * 2 + 2))];
| test_array [0] = 0
| 
|   ;
|   return 0;
| }
configure:11305: result: yes
configure:11317: checking for long long int
configure:11354: gcc -o conftest.exe -O2 -msse2   conftest.c  >&5
configure:11354: $? = 0
configure:11384: gcc -o conftest.exe -O2 -msse2   conftest.c  >&5
configure:11384: $? = 0
configure:11384: ./conftest.exe
configure:11384: $? = 0
configure:11399: result: yes
configure:11408: checking for inline
configure:11424: gcc -c -O2 -msse2  conftest.c >&5
configure:11424: $? = 0
configure:11432: result: inline
configure:11461: checking for strtoll
configure:11461: gcc -o conftest.exe -O2 -msse2   conftest.c  >&5
configure:11461: $? = 0
configure:11461: result: yes
configure:11461: checking for localeconv
configure:11461: gcc -o conftest.exe -O2 -msse2   conftest.c  >&5
configure:11461: $? = 0
configure:11461: result: yes
configure:11619: creating ./config.status

## ---------------------- ##
## Running config.status. ##
## ---------------------- ##

This file was extended by jansson config.status 2.5, which was
generated by GNU Autoconf 2.68.  Invocation command line was

  CONFIG_FILES    = 
  CONFIG_HEADERS  = 
  CONFIG_LINKS    = 
  CONFIG_COMMANDS = 
  $ ./config.status 

on CY-PC

config.status:1111: creating jansson.pc
config.status:1111: creating Makefile
config.status:1111: creating src/Makefile
config.status:1111: creating src/jansson_config.h
config.status:1111: creating config.h
config.status:1292: config.h is unchanged
config.status:1340: executing depfiles commands
config.status:1340: executing libtool commands

## ---------------- ##
## Cache variables. ##
## ---------------- ##

ac_cv_build=i686-pc-mingw32
ac_cv_c_compiler_gnu=yes
ac_cv_c_inline=inline
ac_cv_c_int32_t=yes
ac_cv_env_CC_set=
ac_cv_env_CC_value=
ac_cv_env_CFLAGS_set=set
ac_cv_env_CFLAGS_value='-O2 -msse2'
ac_cv_env_CPPFLAGS_set=
ac_cv_env_CPPFLAGS_value=
ac_cv_env_CPP_set=
ac_cv_env_CPP_value=
ac_cv_env_LDFLAGS_set=
ac_cv_env_LDFLAGS_value=
ac_cv_env_LIBS_set=
ac_cv_env_LIBS_value=
ac_cv_env_build_alias_set=
ac_cv_env_build_alias_value=
ac_cv_env_host_alias_set=
ac_cv_env_host_alias_value=
ac_cv_env_target_alias_set=
ac_cv_env_target_alias_value=
ac_cv_exeext=.exe
ac_cv_func_localeconv=yes
ac_cv_func_strtoll=yes
ac_cv_header_dlfcn_h=no
ac_cv_header_inttypes_h=yes
ac_cv_header_locale_h=yes
ac_cv_header_memory_h=yes
ac_cv_header_stdc=yes
ac_cv_header_stdint_h=yes
ac_cv_header_stdlib_h=yes
ac_cv_header_string_h=yes
ac_cv_header_strings_h=yes
ac_cv_header_sys_stat_h=yes
ac_cv_header_sys_types_h=yes
ac_cv_header_unistd_h=yes
ac_cv_host=i686-pc-mingw32
ac_cv_objext=o
ac_cv_path_EGREP='/bin/grep -E'
ac_cv_path_FGREP='/bin/grep -F'
ac_cv_path_GREP=/bin/grep
ac_cv_path_SED=/bin/sed
ac_cv_path_install='/bin/install -c'
ac_cv_path_mkdir=/bin/mkdir
ac_cv_prog_AWK=gawk
ac_cv_prog_CPP='gcc -E'
ac_cv_prog_ac_ct_AR=ar
ac_cv_prog_ac_ct_CC=gcc
ac_cv_prog_ac_ct_DLLTOOL=dlltool
ac_cv_prog_ac_ct_OBJDUMP=objdump
ac_cv_prog_ac_ct_RANLIB=ranlib
ac_cv_prog_ac_ct_STRIP=strip
ac_cv_prog_cc_c89=
ac_cv_prog_cc_g=yes
ac_cv_prog_make_make_set=yes
ac_cv_type_long_long_int=yes
am_cv_CC_dependencies_compiler_type=gcc3
lt_cv_ar_at_file=@
lt_cv_archive_cmds_need_lc=yes
lt_cv_deplibs_check_method='file_magic ^x86 archive import|^x86 DLL'
lt_cv_file_magic_cmd=func_win32_libid
lt_cv_file_magic_test_file=
lt_cv_ld_reload_flag=-r
lt_cv_nm_interface='BSD nm'
lt_cv_objdir=.libs
lt_cv_path_LD=d:/mingw/mingw32/bin/ld.exe
lt_cv_path_NM=/mingw/bin/nm
lt_cv_path_mainfest_tool=no
lt_cv_prog_compiler_c_o=yes
lt_cv_prog_compiler_pic='-DDLL_EXPORT -DPIC'
lt_cv_prog_compiler_pic_works=yes
lt_cv_prog_compiler_rtti_exceptions=no
lt_cv_prog_compiler_static_works=yes
lt_cv_prog_gnu_ld=yes
lt_cv_sharedlib_from_linklib_cmd=func_cygming_dll_for_implib
lt_cv_sys_global_symbol_pipe='sed -n -e '\''s/^.*[	 ]\([ABCDGIRSTW][ABCDGIRSTW]*\)[	 ][	 ]*_\([_A-Za-z][_A-Za-z0-9]*\)\{0,1\}$/\1 _\2 \2/p'\'' | sed '\''/ __gnu_lto/d'\'''
lt_cv_sys_global_symbol_to_c_name_address='sed -n -e '\''s/^: \([^ ]*\)[ ]*$/  {\"\1\", (void *) 0},/p'\'' -e '\''s/^[ABCDGIRSTW]* \([^ ]*\) \([^ ]*\)$/  {"\2", (void *) \&\2},/p'\'''
lt_cv_sys_global_symbol_to_c_name_address_lib_prefix='sed -n -e '\''s/^: \([^ ]*\)[ ]*$/  {\"\1\", (void *) 0},/p'\'' -e '\''s/^[ABCDGIRSTW]* \([^ ]*\) \(lib[^ ]*\)$/  {"\2", (void *) \&\2},/p'\'' -e '\''s/^[ABCDGIRSTW]* \([^ ]*\) \([^ ]*\)$/  {"lib\2", (void *) \&\2},/p'\'''
lt_cv_sys_global_symbol_to_cdecl='sed -n -e '\''s/^T .* \(.*\)$/extern int \1();/p'\'' -e '\''s/^[ABCDGIRSTW]* .* \(.*\)$/extern char \1;/p'\'''
lt_cv_sys_max_cmd_len=8192
lt_cv_to_host_file_cmd=func_convert_file_msys_to_w32
lt_cv_to_tool_file_cmd=func_convert_file_msys_to_w32

## ----------------- ##
## Output variables. ##
## ----------------- ##

ACLOCAL='${SHELL} /home/CY/altcoin-gpu-miner/compat/jansson-2.5/missing --run aclocal-1.11'
AMDEPBACKSLASH='\'
AMDEP_FALSE='#'
AMDEP_TRUE=''
AMTAR='${SHELL} /home/CY/altcoin-gpu-miner/compat/jansson-2.5/missing --run tar'
AR='ar'
AUTOCONF='${SHELL} /home/CY/altcoin-gpu-miner/compat/jansson-2.5/missing --run autoconf'
AUTOHEADER='${SHELL} /home/CY/altcoin-gpu-miner/compat/jansson-2.5/missing --run autoheader'
AUTOMAKE='${SHELL} /home/CY/altcoin-gpu-miner/compat/jansson-2.5/missing --run automake-1.11'
AWK='gawk'
CC='gcc'
CCDEPMODE='depmode=gcc3'
CFLAGS='-O2 -msse2'
CPP='gcc -E'
CPPFLAGS=''
CYGPATH_W='echo'
DEFS='-DHAVE_CONFIG_H'
DEPDIR='.deps'
DLLTOOL='dlltool'
DSYMUTIL=''
DUMPBIN=''
ECHO_C=''
ECHO_N='-n'
ECHO_T=''
EGREP='/bin/grep -E'
EXEEXT='.exe'
FGREP='/bin/grep -F'
GCC_FALSE='#'
GCC_TRUE=''
GREP='/bin/grep'
INSTALL_DATA='${INSTALL} -m 644'
INSTALL_PROGRAM='${INSTALL}'
INSTALL_SCRIPT='${INSTALL}'
INSTALL_STRIP_PROGRAM='$(install_sh) -c -s'
LD='d:/mingw/mingw32/bin/ld.exe'
LDFLAGS=''
LIBOBJS=''
LIBS=''
LIBTOOL='$(SHELL) $(top_builddir)/libtool'
LIPO=''
LN_S='cp -p'
LTLIBOBJS=''
MAKEINFO='${SHELL} /home/CY/altcoin-gpu-miner/compat/jansson-2.5/missing --run makeinfo'
MANIFEST_TOOL=':'
MKDIR_P='/bin/mkdir -p'
NM='/mingw/bin/nm'
NMEDIT=''
OBJDUMP='objdump'
OBJEXT='o'
OTOOL64=''
OTOOL=''
PACKAGE='jansson'
PACKAGE_BUGREPORT='petri@digip.org'
PACKAGE_NAME='jansson'
PACKAGE_STRING='jansson 2.5'
PACKAGE_TARNAME='jansson'
PACKAGE_URL=''
PACKAGE_VERSION='2.5'
PATH_SEPARATOR=':'
RANLIB='ranlib'
SED='/bin/sed'
SET_MAKE=''
SHELL='/bin/sh'
STRIP='strip'
VERSION='2.5'
ac_ct_AR='ar'
ac_ct_CC='gcc'
ac_ct_DUMPBIN=''
am__EXEEXT_FALSE='#'
am__EXEEXT_TRUE=''
am__fastdepCC_FALSE='#'
am__fastdepCC_TRUE=''
am__include='include'
am__isrc=''
am__leading_dot='.'
am__quote=''
am__tar='${AMTAR} chof - "$$tardir"'
am__untar='${AMTAR} xf -'
bindir='${exec_prefix}/bin'
build='i686-pc-mingw32'
build_alias=''
build_cpu='i686'
build_os='mingw32'
build_vendor='pc'
datadir='${datarootdir}'
datarootdir='${prefix}/share'
docdir='${datarootdir}/doc/${PACKAGE_TARNAME}'
dvidir='${docdir}'
exec_prefix='${prefix}'
host='i686-pc-mingw32'
host_alias=''
host_cpu='i686'
host_os='mingw32'
host_vendor='pc'
htmldir='${docdir}'
includedir='${prefix}/include'
infodir='${datarootdir}/info'
install_sh='${SHELL} /home/CY/altcoin-gpu-miner/compat/jansson-2.5/install-sh'
json_have_localeconv='1'
json_have_long_long='1'
json_inline='inline'
libdir='${exec_prefix}/lib'
libexecdir='${exec_prefix}/libexec'
localedir='${datarootdir}/locale'
localstatedir='${prefix}/var'
mandir='${datarootdir}/man'
mkdir_p='/bin/mkdir -p'
oldincludedir='/usr/include'
pdfdir='${docdir}'
prefix='/usr/local'
program_transform_name='s,x,x,'
psdir='${docdir}'
sbindir='${exec_prefix}/sbin'
sharedstatedir='${prefix}/com'
sysconfdir='${prefix}/etc'
target_alias=''

## ----------- ##
## confdefs.h. ##
## ----------- ##

/* confdefs.h */
#define PACKAGE_NAME "jansson"
#define PACKAGE_TARNAME "jansson"
#define PACKAGE_VERSION "2.5"
#define PACKAGE_STRING "jansson 2.5"
#define PACKAGE_BUGREPORT "petri@digip.org"
#define PACKAGE_URL ""
#define PACKAGE "jansson"
#define VERSION "2.5"
#define STDC_HEADERS 1
#define HAVE_SYS_TYPES_H 1
#define HAVE_SYS_STAT_H 1
#define HAVE_STDLIB_H 1
#define HAVE_STRING_H 1
#define HAVE_MEMORY_H 1
#define HAVE_STRINGS_H 1
#define HAVE_INTTYPES_H 1
#define HAVE_STDINT_H 1
#define HAVE_UNISTD_H 1
#define LT_OBJDIR ".libs/"
#define HAVE_LOCALE_H 1
#define HAVE_LONG_LONG_INT 1
#define HAVE_STRTOLL 1
#define HAVE_LOCALECONV 1

configure: exit 0
